\BOOKMARK [0][-]{part.1}{\376\377\000I\000\040\000W\000h\000y\000\040\000t\000h\000e\000\040\000C\000\040\000S\000h\000i\000m\000\040\000M\000u\000s\000t\000\040\000E\000x\000i\000s\000t}{}% 1
\BOOKMARK [1][-]{section.1}{\376\377\0001\000\040\000H\000o\000w\000\040\000D\000a\000r\000t\000\040\000F\000F\000I\000\040\000R\000e\000s\000o\000l\000v\000e\000s\000\040\000S\000y\000m\000b\000o\000l\000s}{part.1}% 2
\BOOKMARK [2][-]{subsection.1.1}{\376\377\0001\000.\0001\000\040\000D\000a\000r\000t\000\040\000F\000F\000I\000\040\000I\000s\000\040\000C\000-\000O\000n\000l\000y}{section.1}% 3
\BOOKMARK [2][-]{subsection.1.2}{\376\377\0001\000.\0002\000\040\000S\000y\000m\000b\000o\000l\000\040\000R\000e\000s\000o\000l\000u\000t\000i\000o\000n\000\040\000v\000i\000a\000\040\000d\000l\000s\000y\000m}{section.1}% 4
\BOOKMARK [2][-]{subsection.1.3}{\376\377\0001\000.\0003\000\040\000C\000o\000n\000f\000i\000r\000m\000e\000d\000\040\000b\000y\000\040\000f\000f\000i\000g\000e\000n\000\040\000B\000u\000g\000\040\000T\000r\000a\000c\000k\000e\000r}{section.1}% 5
\BOOKMARK [2][-]{subsection.1.4}{\376\377\0001\000.\0004\000\040\000H\000o\000w\000\040\000t\000h\000e\000\040\000S\000h\000i\000m\000\040\000B\000r\000i\000d\000g\000e\000s\000\040\000T\000h\000i\000s}{section.1}% 6
\BOOKMARK [1][-]{section.2}{\376\377\0002\000\040\000P\000a\000t\000t\000e\000r\000n\000\040\0001\000:\000\040\000s\000t\000a\000t\000i\000c\000\040\000i\000n\000l\000i\000n\000e\000\040\000M\000o\000v\000e\000\040\000F\000u\000n\000c\000t\000i\000o\000n\000s}{part.1}% 7
\BOOKMARK [2][-]{subsection.2.1}{\376\377\0002\000.\0001\000\040\000T\000h\000e\000\040\000P\000r\000o\000b\000l\000e\000m}{section.2}% 8
\BOOKMARK [2][-]{subsection.2.2}{\376\377\0002\000.\0002\000\040\000S\000y\000m\000b\000o\000l\000\040\000T\000a\000b\000l\000e\000\040\000P\000r\000o\000o\000f}{section.2}% 9
\BOOKMARK [2][-]{subsection.2.3}{\376\377\0002\000.\0003\000\040\000W\000h\000y\000\040\000T\000h\000e\000s\000e\000\040\000A\000r\000e\000\040\000R\000e\000q\000u\000i\000r\000e\000d}{section.2}% 10
\BOOKMARK [2][-]{subsection.2.4}{\376\377\0002\000.\0004\000\040\000W\000h\000a\000t\000\040\000t\000h\000e\000\040\000M\000o\000v\000e\000d\000\040\000T\000y\000p\000e\000s\000\040\000A\000c\000t\000u\000a\000l\000l\000y\000\040\000A\000r\000e}{section.2}% 11
\BOOKMARK [2][-]{subsection.2.5}{\376\377\0002\000.\0005\000\040\000H\000o\000w\000\040\000t\000h\000e\000\040\000C\000\040\000S\000h\000i\000m\000\040\000S\000o\000l\000v\000e\000s\000\040\000T\000h\000i\000s}{section.2}% 12
\BOOKMARK [1][-]{section.3}{\376\377\0003\000\040\000P\000a\000t\000t\000e\000r\000n\000\040\0002\000:\000\040\000C\0001\0001\000\040\000\137\000G\000e\000n\000e\000r\000i\000c\000\040\000P\000o\000l\000y\000m\000o\000r\000p\000h\000i\000c\000\040\000M\000a\000c\000r\000o\000s}{part.1}% 13
\BOOKMARK [2][-]{subsection.3.1}{\376\377\0003\000.\0001\000\040\000T\000h\000e\000\040\000P\000r\000o\000b\000l\000e\000m}{section.3}% 14
\BOOKMARK [2][-]{subsection.3.2}{\376\377\0003\000.\0002\000\040\000C\000o\000m\000p\000o\000u\000n\000d\000i\000n\000g\000\040\000W\000i\000t\000h\000\040\000P\000a\000t\000t\000e\000r\000n\000\040\0001}{section.3}% 15
\BOOKMARK [1][-]{section.4}{\376\377\0004\000\040\000P\000a\000t\000t\000e\000r\000n\000\040\0003\000:\000\040\000O\000p\000t\000i\000o\000n\000s\000\040\000S\000t\000r\000u\000c\000t\000\040\000I\000n\000i\000t\000i\000a\000l\000i\000z\000a\000t\000i\000o\000n}{part.1}% 16
\BOOKMARK [2][-]{subsection.4.1}{\376\377\0004\000.\0001\000\040\000T\000h\000e\000\040\000P\000r\000o\000b\000l\000e\000m}{section.4}% 17
\BOOKMARK [2][-]{subsection.4.2}{\376\377\0004\000.\0002\000\040\000T\000h\000e\000\040\000S\000t\000r\000u\000c\000t\000\040\000L\000a\000y\000o\000u\000t\000\040\000P\000r\000o\000b\000l\000e\000m}{section.4}% 18
\BOOKMARK [2][-]{subsection.4.3}{\376\377\0004\000.\0003\000\040\000H\000o\000w\000\040\000t\000h\000e\000\040\000C\000\040\000S\000h\000i\000m\000\040\000S\000o\000l\000v\000e\000s\000\040\000T\000h\000i\000s}{section.4}% 19
\BOOKMARK [1][-]{section.5}{\376\377\0005\000\040\000P\000a\000t\000t\000e\000r\000n\000\040\0004\000:\000\040\000O\000p\000a\000q\000u\000e\000\040\000T\000y\000p\000e\000\040\000S\000i\000z\000e\000s}{part.1}% 20
\BOOKMARK [2][-]{subsection.5.1}{\376\377\0005\000.\0001\000\040\000T\000h\000e\000\040\000P\000r\000o\000b\000l\000e\000m}{section.5}% 21
\BOOKMARK [2][-]{subsection.5.2}{\376\377\0005\000.\0002\000\040\000H\000o\000w\000\040\000t\000h\000e\000\040\000C\000\040\000S\000h\000i\000m\000\040\000S\000o\000l\000v\000e\000s\000\040\000T\000h\000i\000s}{section.5}% 22
\BOOKMARK [1][-]{section.6}{\376\377\0006\000\040\000P\000a\000t\000t\000e\000r\000n\000\040\0005\000:\000\040\000C\000l\000o\000s\000u\000r\000e\000\040\000C\000a\000l\000l\000b\000a\000c\000k\000s\000\040\000A\000c\000r\000o\000s\000s\000\040\000T\000h\000r\000e\000a\000d\000\040\000B\000o\000u\000n\000d\000a\000r\000i\000e\000s}{part.1}% 23
\BOOKMARK [2][-]{subsection.6.1}{\376\377\0006\000.\0001\000\040\000T\000h\000e\000\040\000P\000r\000o\000b\000l\000e\000m}{section.6}% 24
\BOOKMARK [2][-]{subsection.6.2}{\376\377\0006\000.\0002\000\040\000W\000h\000y\000\040\000D\000a\000r\000t\000\040\000F\000F\000I\000\040\000C\000a\000n\000n\000o\000t\000\040\000C\000o\000n\000s\000t\000r\000u\000c\000t\000\040\000T\000h\000e\000s\000e\000\040\000C\000l\000o\000s\000u\000r\000e\000s}{section.6}% 25
\BOOKMARK [3][-]{subsubsection.6.2.1}{\376\377\0006\000.\0002\000.\0001\000\040\000C\000o\000n\000s\000t\000r\000a\000i\000n\000t\000\040\000A\000:\000\040\000N\000o\000\040\000c\000l\000o\000s\000u\000r\000e\000s\000\040\000i\000n\000\040\000P\000o\000i\000n\000t\000e\000r\000.\000f\000r\000o\000m\000F\000u\000n\000c\000t\000i\000o\000n}{subsection.6.2}% 26
\BOOKMARK [3][-]{subsubsection.6.2.2}{\376\377\0006\000.\0002\000.\0002\000\040\000C\000o\000n\000s\000t\000r\000a\000i\000n\000t\000\040\000B\000:\000\040\000N\000o\000n\000-\000D\000a\000r\000t\000\040\000t\000h\000r\000e\000a\000d\000\040\000i\000n\000v\000o\000c\000a\000t\000i\000o\000n\000\040\000i\000s\000\040\000u\000n\000d\000e\000f\000i\000n\000e\000d\000\040\000b\000e\000h\000a\000v\000i\000o\000r}{subsection.6.2}% 27
\BOOKMARK [3][-]{subsubsection.6.2.3}{\376\377\0006\000.\0002\000.\0003\000\040\000C\000o\000n\000s\000t\000r\000a\000i\000n\000t\000\040\000C\000:\000\040\000N\000a\000t\000i\000v\000e\000C\000a\000l\000l\000a\000b\000l\000e\000.\000l\000i\000s\000t\000e\000n\000e\000r\000\040\000l\000i\000m\000i\000t\000a\000t\000i\000o\000n\000s}{subsection.6.2}% 28
\BOOKMARK [2][-]{subsection.6.3}{\376\377\0006\000.\0003\000\040\000H\000o\000w\000\040\000t\000h\000e\000\040\000C\000\040\000S\000h\000i\000m\000\040\000S\000o\000l\000v\000e\000s\000\040\000T\000h\000i\000s}{section.6}% 29
\BOOKMARK [1][-]{section.7}{\376\377\0007\000\040\000P\000a\000t\000t\000e\000r\000n\000\040\0006\000:\000\040\000L\000o\000a\000n\000i\000n\000g\000\040\000a\000n\000d\000\040\000C\000o\000n\000s\000t\000/\000M\000u\000t\000\040\000E\000n\000f\000o\000r\000c\000e\000m\000e\000n\000t}{part.1}% 30
\BOOKMARK [2][-]{subsection.7.1}{\376\377\0007\000.\0001\000\040\000T\000h\000e\000\040\000P\000r\000o\000b\000l\000e\000m}{section.7}% 31
\BOOKMARK [2][-]{subsection.7.2}{\376\377\0007\000.\0002\000\040\000W\000h\000y\000\040\000t\000h\000e\000\040\000P\000e\000r\000-\000T\000y\000p\000e\000\040\000F\000u\000n\000c\000t\000i\000o\000n\000s\000\040\000A\000R\000E\000\040\000E\000x\000p\000o\000r\000t\000e\000d}{section.7}% 32
\BOOKMARK [2][-]{subsection.7.3}{\376\377\0007\000.\0003\000\040\000B\000a\000r\000r\000i\000e\000r\000\040\000A\000:\000\040\000M\000a\000c\000r\000o\000\040\000D\000i\000s\000p\000a\000t\000c\000h}{section.7}% 33
\BOOKMARK [2][-]{subsection.7.4}{\376\377\0007\000.\0004\000\040\000B\000a\000r\000r\000i\000e\000r\000\040\000B\000:\000\040\000C\000o\000n\000s\000t\000\040\000Q\000u\000a\000l\000i\000f\000i\000c\000a\000t\000i\000o\000n\000\040\000E\000r\000a\000s\000u\000r\000e}{section.7}% 34
\BOOKMARK [2][-]{subsection.7.5}{\376\377\0007\000.\0005\000\040\000H\000o\000w\000\040\000t\000h\000e\000\040\000S\000h\000i\000m\000\040\000R\000e\000s\000o\000l\000v\000e\000s\000\040\000T\000h\000i\000s}{section.7}% 35
\BOOKMARK [2][-]{subsection.7.6}{\376\377\0007\000.\0006\000\040\000W\000h\000y\000\040\000T\000h\000i\000s\000\040\000I\000s\000\040\000D\000i\000s\000t\000i\000n\000c\000t\000\040\000F\000r\000o\000m\000\040\000P\000a\000t\000t\000e\000r\000n\000s\000\040\0001\000\040\000a\000n\000d\000\040\0002}{section.7}% 36
\BOOKMARK [1][-]{section.8}{\376\377\0008\000\040\000E\000n\000d\000-\000t\000o\000-\000E\000n\000d\000\040\000W\000o\000r\000k\000e\000d\000\040\000E\000x\000a\000m\000p\000l\000e\000:\000\040\000z\000\137\000p\000u\000t}{part.1}% 37
\BOOKMARK [2][-]{subsection.8.1}{\376\377\0008\000.\0001\000\040\000W\000h\000a\000t\000\040\000a\000\040\000C\000\040\000C\000o\000n\000s\000u\000m\000e\000r\000\040\000D\000o\000e\000s}{section.8}% 38
\BOOKMARK [2][-]{subsection.8.2}{\376\377\0008\000.\0002\000\040\000W\000h\000a\000t\000\040\000D\000a\000r\000t\000\040\000F\000F\000I\000\040\000C\000a\000n\000n\000o\000t\000\040\000D\000o}{section.8}% 39
\BOOKMARK [2][-]{subsection.8.3}{\376\377\0008\000.\0003\000\040\000T\000h\000e\000\040\000F\000u\000l\000l\000\040\000C\000a\000l\000l\000\040\000C\000h\000a\000i\000n}{section.8}% 40
\BOOKMARK [2][-]{subsection.8.4}{\376\377\0008\000.\0004\000\040\000W\000h\000a\000t\000\040\000t\000h\000e\000\040\000S\000h\000i\000m\000\040\000D\000o\000e\000s\000\040\000N\000O\000T\000\040\000D\000o}{section.8}% 41
\BOOKMARK [0][-]{part.2}{\376\377\000I\000I\000\040\000F\000u\000n\000c\000t\000i\000o\000n\000-\000b\000y\000-\000F\000u\000n\000c\000t\000i\000o\000n\000\040\000A\000n\000a\000l\000y\000s\000i\000s}{}% 42
\BOOKMARK [1][-]{section.9}{\376\377\0009\000\040\000I\000n\000i\000t\000i\000a\000l\000i\000z\000a\000t\000i\000o\000n\000\040\000\050\0002\000\040\000f\000u\000n\000c\000t\000i\000o\000n\000s\000\051}{part.2}% 43
\BOOKMARK [1][-]{section.10}{\376\377\0001\0000\000\040\000C\000o\000n\000f\000i\000g\000\040\000\050\0005\000\040\000f\000u\000n\000c\000t\000i\000o\000n\000s\000\051}{part.2}% 44
\BOOKMARK [1][-]{section.11}{\376\377\0001\0001\000\040\000S\000e\000s\000s\000i\000o\000n\000\040\000\050\0004\000\040\000f\000u\000n\000c\000t\000i\000o\000n\000s\000\051}{part.2}% 45
\BOOKMARK [1][-]{section.12}{\376\377\0001\0002\000\040\000K\000e\000y\000E\000x\000p\000r\000\040\000\050\0004\000\051\000,\000\040\000B\000y\000t\000e\000s\000\040\000\050\0006\000\051\000,\000\040\000S\000t\000r\000i\000n\000g\000/\000V\000i\000e\000w\000\040\000S\000t\000r\000i\000n\000g\000\040\000\050\0007\000\051}{part.2}% 46
\BOOKMARK [1][-]{section.13}{\376\377\0001\0003\000\040\000P\000u\000t\000\040\000/\000\040\000D\000e\000l\000e\000t\000e\000\040\000\050\0002\000\040\000f\000u\000n\000c\000t\000i\000o\000n\000s\000\051}{part.2}% 47
\BOOKMARK [1][-]{section.14}{\376\377\0001\0004\000\040\000S\000u\000b\000s\000c\000r\000i\000b\000e\000r\000\040\000\050\0003\000\040\000f\000u\000n\000c\000t\000i\000o\000n\000s\000\040\000+\000\040\0002\000\040\000s\000t\000a\000t\000i\000c\000\040\000c\000a\000l\000l\000b\000a\000c\000k\000s\000\051}{part.2}% 48
\BOOKMARK [1][-]{section.15}{\376\377\0001\0005\000\040\000P\000u\000b\000l\000i\000s\000h\000e\000r\000\040\000\050\0008\000\040\000f\000u\000n\000c\000t\000i\000o\000n\000s\000\040\000+\000\040\0002\000\040\000s\000t\000a\000t\000i\000c\000\040\000c\000a\000l\000l\000b\000a\000c\000k\000s\000\051}{part.2}% 49
\BOOKMARK [1][-]{section.16}{\376\377\0001\0006\000\040\000I\000n\000f\000o\000\040\000/\000\040\000Z\000I\000D\000\040\000\050\0004\000\040\000f\000u\000n\000c\000t\000i\000o\000n\000s\000\051}{part.2}% 50
\BOOKMARK [1][-]{section.17}{\376\377\0001\0007\000\040\000S\000c\000o\000u\000t\000\040\000\050\0002\000\040\000f\000u\000n\000c\000t\000i\000o\000n\000s\000\040\000+\000\040\0001\000\040\000s\000t\000a\000t\000i\000c\000\040\000c\000a\000l\000l\000b\000a\000c\000k\000\051}{part.2}% 51
\BOOKMARK [1][-]{section.18}{\376\377\0001\0008\000\040\000S\000h\000a\000r\000e\000d\000\040\000M\000e\000m\000o\000r\000y\000\040\000\050\0001\0003\000\040\000f\000u\000n\000c\000t\000i\000o\000n\000s\000,\000\040\000c\000o\000n\000d\000i\000t\000i\000o\000n\000a\000l\000l\000y\000\040\000c\000o\000m\000p\000i\000l\000e\000d\000\051}{part.2}% 52
\BOOKMARK [0][-]{part.3}{\376\377\000I\000I\000I\000\040\000C\000r\000o\000s\000s\000-\000C\000u\000t\000t\000i\000n\000g\000\040\000A\000n\000a\000l\000y\000s\000i\000s}{}% 53
\BOOKMARK [1][-]{section.19}{\376\377\0001\0009\000\040\000M\000e\000m\000o\000r\000y\000\040\000O\000w\000n\000e\000r\000s\000h\000i\000p\000\040\000P\000r\000o\000t\000o\000c\000o\000l}{part.3}% 54
\BOOKMARK [1][-]{section.20}{\376\377\0002\0000\000\040\000T\000h\000r\000e\000a\000d\000\040\000S\000a\000f\000e\000t\000y}{part.3}% 55
\BOOKMARK [1][-]{section.21}{\376\377\0002\0001\000\040\000F\000i\000n\000d\000i\000n\000g\000s}{part.3}% 56
\BOOKMARK [0][-]{part.4}{\376\377\000I\000V\000\040\000P\000a\000t\000t\000e\000r\000n\000\040\000R\000e\000s\000o\000l\000u\000t\000i\000o\000n\000\040\000M\000a\000t\000r\000i\000x}{}% 57
\BOOKMARK [0][-]{part.5}{\376\377\000V\000\040\000C\000o\000n\000f\000o\000r\000m\000a\000n\000c\000e\000\040\000S\000u\000m\000m\000a\000r\000y}{}% 58
\BOOKMARK [1][-]{section.22}{\376\377\0002\0002\000\040\000C\000\040\000B\000e\000s\000t\000\040\000P\000r\000a\000c\000t\000i\000c\000e\000s}{part.5}% 59
\BOOKMARK [1][-]{section.23}{\376\377\0002\0003\000\040\000D\000a\000r\000t\000\040\000F\000F\000I\000\040\000B\000e\000s\000t\000\040\000P\000r\000a\000c\000t\000i\000c\000e\000s}{part.5}% 60
\BOOKMARK [1][-]{section.24}{\376\377\0002\0004\000\040\000A\000r\000c\000h\000i\000t\000e\000c\000t\000u\000r\000e\000\040\000C\000o\000n\000f\000o\000r\000m\000a\000n\000c\000e}{part.5}% 61
\BOOKMARK [0][-]{part.6}{\376\377\000V\000I\000\040\000P\000a\000t\000t\000e\000r\000n\000\040\000S\000u\000m\000m\000a\000r\000y}{}% 62
\BOOKMARK [0][-]{part*.1}{\376\377\000A\000p\000p\000e\000n\000d\000i\000c\000e\000s}{}% 63
\BOOKMARK [1][-]{appendix.A}{\376\377\000A\000\040\000F\000i\000n\000d\000i\000n\000g\000s\000\040\000S\000u\000m\000m\000a\000r\000y}{part*.1}% 64
\BOOKMARK [1][-]{appendix.B}{\376\377\000B\000\040\000R\000e\000f\000e\000r\000e\000n\000c\000e\000s}{part*.1}% 65
\BOOKMARK [2][-]{subsection.B.1}{\376\377\000B\000.\0001\000\040\000D\000a\000r\000t\000\040\000F\000F\000I\000\040\000O\000f\000f\000i\000c\000i\000a\000l\000\040\000D\000o\000c\000u\000m\000e\000n\000t\000a\000t\000i\000o\000n}{appendix.B}% 66
\BOOKMARK [2][-]{subsection.B.2}{\376\377\000B\000.\0002\000\040\000B\000u\000g\000\040\000T\000r\000a\000c\000k\000e\000r\000\040\000C\000i\000t\000a\000t\000i\000o\000n\000s}{appendix.B}% 67
\BOOKMARK [2][-]{subsection.B.3}{\376\377\000B\000.\0003\000\040\000z\000e\000n\000o\000h\000-\000c\000\040\000S\000o\000u\000r\000c\000e\000\040\000F\000i\000l\000e\000s}{appendix.B}% 68
\BOOKMARK [2][-]{subsection.B.4}{\376\377\000B\000.\0004\000\040\000I\000S\000O\000\040\000C\000\040\000S\000t\000a\000n\000d\000a\000r\000d\000s}{appendix.B}% 69
\BOOKMARK [2][-]{subsection.B.5}{\376\377\000B\000.\0005\000\040\000S\000y\000m\000b\000o\000l\000\040\000T\000a\000b\000l\000e\000\040\000V\000e\000r\000i\000f\000i\000c\000a\000t\000i\000o\000n}{appendix.B}% 70
